<?xml version="1.0" encoding="UTF-8"?>
<testng-results ignored="0" total="3" passed="3" failed="0" skipped="0">
  <reporter-output>
    <line>
      <![CDATA[createOrgNameAndIndustryandtype....TestScript Exiecution Started]]>
    </line>
    <line>
      <![CDATA[createOrgNameAndIndustryandtype....TestScript Exiecution Started]]>
    </line>
    <line>
      <![CDATA[createOrgNameAndIndustryandtype....TestScript Exiecution Started]]>
    </line>
    <line>
      <![CDATA[createOrgNameAndIndustryandtype...>script executed successfullly]]>
    </line>
    <line>
      <![CDATA[createOrgNameAndIndustryandtype...>script executed successfullly]]>
    </line>
    <line>
      <![CDATA[createOrgNameAndIndustryandtype...>script executed successfullly]]>
    </line>
  </reporter-output>
  <suite started-at="2023-03-21T11:38:55 IST" name="Suite" finished-at="2023-03-21T11:39:37 IST" duration-ms="42324">
    <groups>
    </groups>
    <test started-at="2023-03-21T11:38:55 IST" name="Test1" finished-at="2023-03-21T11:39:36 IST" duration-ms="41794">
      <class name="OrgnisationModule.CreateOrgnizationTest">
        <test-method is-config="true" signature="openBroswer(java.lang.String)[pri:0, instance:OrgnisationModule.CreateOrgnizationTest@402bba4f]" started-at="2023-03-21T11:38:55 IST" name="openBroswer" finished-at="2023-03-21T11:39:00 IST" duration-ms="5334" status="PASS">
          <params>
            <param index="0">
              <value>
                <![CDATA[chrome]]>
              </value>
            </param>
          </params>
          <reporter-output>
          </reporter-output>
        </test-method> <!-- openBroswer -->
        <test-method is-config="true" signature="Login()[pri:0, instance:OrgnisationModule.CreateOrgnizationTest@402bba4f]" started-at="2023-03-21T11:39:00 IST" name="Login" finished-at="2023-03-21T11:39:08 IST" duration-ms="7194" status="PASS">
          <reporter-output>
          </reporter-output>
        </test-method> <!-- Login -->
        <test-method signature="createOrgNameAndIndustryandtype()[pri:0, instance:OrgnisationModule.CreateOrgnizationTest@402bba4f]" started-at="2023-03-21T11:39:08 IST" name="createOrgNameAndIndustryandtype" finished-at="2023-03-21T11:39:34 IST" duration-ms="26811" status="PASS">
          <reporter-output>
            <line>
              <![CDATA[createOrgNameAndIndustryandtype....TestScript Exiecution Started]]>
            </line>
            <line>
              <![CDATA[createOrgNameAndIndustryandtype...>script executed successfullly]]>
            </line>
          </reporter-output>
        </test-method> <!-- createOrgNameAndIndustryandtype -->
        <test-method is-config="true" signature="CloseBroswer()[pri:0, instance:OrgnisationModule.CreateOrgnizationTest@402bba4f]" started-at="2023-03-21T11:39:34 IST" name="CloseBroswer" finished-at="2023-03-21T11:39:36 IST" duration-ms="1993" status="PASS">
          <reporter-output>
          </reporter-output>
        </test-method> <!-- CloseBroswer -->
      </class> <!-- OrgnisationModule.CreateOrgnizationTest -->
    </test> <!-- Test1 -->
    <test started-at="2023-03-21T11:38:55 IST" name="Test3" finished-at="2023-03-21T11:39:36 IST" duration-ms="41689">
      <class name="OrgnisationModule.CreateOrgnizationTest">
        <test-method is-config="true" signature="openBroswer(java.lang.String)[pri:0, instance:OrgnisationModule.CreateOrgnizationTest@6c64cb25]" started-at="2023-03-21T11:38:55 IST" name="openBroswer" finished-at="2023-03-21T11:39:05 IST" duration-ms="10148" status="PASS">
          <params>
            <param index="0">
              <value>
                <![CDATA[edge]]>
              </value>
            </param>
          </params>
          <reporter-output>
          </reporter-output>
        </test-method> <!-- openBroswer -->
        <test-method is-config="true" signature="Login()[pri:0, instance:OrgnisationModule.CreateOrgnizationTest@6c64cb25]" started-at="2023-03-21T11:39:05 IST" name="Login" finished-at="2023-03-21T11:39:11 IST" duration-ms="6080" status="PASS">
          <reporter-output>
          </reporter-output>
        </test-method> <!-- Login -->
        <test-method signature="createOrgNameAndIndustryandtype()[pri:0, instance:OrgnisationModule.CreateOrgnizationTest@6c64cb25]" started-at="2023-03-21T11:39:11 IST" name="createOrgNameAndIndustryandtype" finished-at="2023-03-21T11:39:36 IST" duration-ms="24293" status="PASS">
          <reporter-output>
            <line>
              <![CDATA[createOrgNameAndIndustryandtype....TestScript Exiecution Started]]>
            </line>
            <line>
              <![CDATA[createOrgNameAndIndustryandtype...>script executed successfullly]]>
            </line>
          </reporter-output>
        </test-method> <!-- createOrgNameAndIndustryandtype -->
        <test-method is-config="true" signature="CloseBroswer()[pri:0, instance:OrgnisationModule.CreateOrgnizationTest@6c64cb25]" started-at="2023-03-21T11:39:36 IST" name="CloseBroswer" finished-at="2023-03-21T11:39:36 IST" duration-ms="720" status="PASS">
          <reporter-output>
          </reporter-output>
        </test-method> <!-- CloseBroswer -->
      </class> <!-- OrgnisationModule.CreateOrgnizationTest -->
    </test> <!-- Test3 -->
    <test started-at="2023-03-21T11:38:55 IST" name="Test2" finished-at="2023-03-21T11:39:37 IST" duration-ms="42324">
      <class name="OrgnisationModule.CreateOrgnizationTest">
        <test-method is-config="true" signature="connectDB()[pri:0, instance:OrgnisationModule.CreateOrgnizationTest@5158b42f]" started-at="2023-03-21T11:38:55 IST" name="connectDB" finished-at="2023-03-21T11:38:55 IST" duration-ms="9" status="PASS">
          <reporter-output>
          </reporter-output>
        </test-method> <!-- connectDB -->
        <test-method is-config="true" signature="openBroswer(java.lang.String)[pri:0, instance:OrgnisationModule.CreateOrgnizationTest@5158b42f]" started-at="2023-03-21T11:38:55 IST" name="openBroswer" finished-at="2023-03-21T11:39:04 IST" duration-ms="9253" status="PASS">
          <params>
            <param index="0">
              <value>
                <![CDATA[firefox]]>
              </value>
            </param>
          </params>
          <reporter-output>
          </reporter-output>
        </test-method> <!-- openBroswer -->
        <test-method is-config="true" signature="Login()[pri:0, instance:OrgnisationModule.CreateOrgnizationTest@5158b42f]" started-at="2023-03-21T11:39:04 IST" name="Login" finished-at="2023-03-21T11:39:11 IST" duration-ms="6397" status="PASS">
          <reporter-output>
          </reporter-output>
        </test-method> <!-- Login -->
        <test-method signature="createOrgNameAndIndustryandtype()[pri:0, instance:OrgnisationModule.CreateOrgnizationTest@5158b42f]" started-at="2023-03-21T11:39:11 IST" name="createOrgNameAndIndustryandtype" finished-at="2023-03-21T11:39:35 IST" duration-ms="24219" status="PASS">
          <reporter-output>
            <line>
              <![CDATA[createOrgNameAndIndustryandtype....TestScript Exiecution Started]]>
            </line>
            <line>
              <![CDATA[createOrgNameAndIndustryandtype...>script executed successfullly]]>
            </line>
          </reporter-output>
        </test-method> <!-- createOrgNameAndIndustryandtype -->
        <test-method is-config="true" signature="CloseBroswer()[pri:0, instance:OrgnisationModule.CreateOrgnizationTest@5158b42f]" started-at="2023-03-21T11:39:35 IST" name="CloseBroswer" finished-at="2023-03-21T11:39:37 IST" duration-ms="2009" status="PASS">
          <reporter-output>
          </reporter-output>
        </test-method> <!-- CloseBroswer -->
      </class> <!-- OrgnisationModule.CreateOrgnizationTest -->
    </test> <!-- Test2 -->
  </suite> <!-- Suite -->
</testng-results>
